TN:
SF:src\App.tsx
FN:11,(anonymous_10)
FN:11,(anonymous_11)
FN:12,(anonymous_12)
FN:12,(anonymous_13)
FN:14,App
FNF:5
FNH:0
FNDA:0,(anonymous_10)
FNDA:0,(anonymous_11)
FNDA:0,(anonymous_12)
FNDA:0,(anonymous_13)
FNDA:0,App
DA:1,0
DA:2,0
DA:3,0
DA:4,0
DA:5,0
DA:6,0
DA:7,0
DA:8,0
DA:9,0
DA:11,0
DA:12,0
DA:15,0
DA:36,0
LF:13
LH:0
BRF:0
BRH:0
end_of_record
TN:
SF:src\main.tsx
FNF:0
FNH:0
DA:1,0
DA:2,0
DA:3,0
DA:4,0
DA:5,0
DA:7,0
LF:6
LH:0
BRF:0
BRH:0
end_of_record
TN:
SF:src\utility.ts
FNF:0
FNH:0
DA:2,0
DA:3,0
DA:4,0
DA:5,0
DA:6,0
DA:7,0
DA:10,0
DA:11,0
DA:12,0
DA:15,0
DA:16,0
DA:17,0
DA:20,0
DA:21,0
DA:22,0
DA:24,0
DA:25,0
LF:17
LH:0
BRF:0
BRH:0
end_of_record
TN:
SF:src\vite-env.d.ts
FNF:0
FNH:0
LF:0
LH:0
BRF:0
BRH:0
end_of_record
TN:
SF:src\components\validations.tsx
FNF:0
FNH:0
DA:1,0
DA:4,0
DA:18,0
DA:27,0
LF:4
LH:0
BRF:0
BRH:0
end_of_record
TN:
SF:src\components\booking\booking.tsx
FN:13,(anonymous_0)
FN:16,(anonymous_1)
FN:22,(anonymous_2)
FN:28,(anonymous_3)
FN:29,(anonymous_4)
FN:34,(anonymous_5)
FN:40,(anonymous_6)
FN:54,(anonymous_7)
FN:65,(anonymous_8)
FNF:9
FNH:0
FNDA:0,(anonymous_0)
FNDA:0,(anonymous_1)
FNDA:0,(anonymous_2)
FNDA:0,(anonymous_3)
FNDA:0,(anonymous_4)
FNDA:0,(anonymous_5)
FNDA:0,(anonymous_6)
FNDA:0,(anonymous_7)
FNDA:0,(anonymous_8)
DA:2,0
DA:3,0
DA:4,0
DA:5,0
DA:6,0
DA:8,0
DA:11,0
DA:13,0
DA:14,0
DA:16,0
DA:17,0
DA:20,0
DA:22,0
DA:24,0
DA:28,0
DA:29,0
DA:30,0
DA:34,0
DA:35,0
DA:38,0
DA:41,0
DA:55,0
DA:65,0
DA:82,0
LF:24
LH:0
BRF:0
BRH:0
end_of_record
TN:
SF:src\components\cab\cab.tsx
FN:11,(anonymous_0)
FN:15,(anonymous_1)
FN:43,(anonymous_2)
FN:48,(anonymous_3)
FNF:4
FNH:0
FNDA:0,(anonymous_0)
FNDA:0,(anonymous_1)
FNDA:0,(anonymous_2)
FNDA:0,(anonymous_3)
DA:3,0
DA:4,0
DA:6,0
DA:7,0
DA:8,0
DA:9,0
DA:11,0
DA:12,0
DA:15,0
DA:16,0
DA:21,0
DA:25,0
DA:39,0
DA:44,0
DA:45,0
DA:49,0
DA:157,0
LF:17
LH:0
BRF:0
BRH:0
end_of_record
TN:
SF:src\components\core\Header.tsx
FN:4,(anonymous_1)
FN:19,(anonymous_2)
FNF:2
FNH:0
FNDA:0,(anonymous_1)
FNDA:0,(anonymous_2)
DA:1,0
DA:2,0
DA:4,0
DA:5,0
DA:6,0
DA:19,0
DA:25,0
LF:7
LH:0
BRF:0
BRH:0
end_of_record
TN:
SF:src\components\login\Login.tsx
FN:17,(anonymous_1)
FN:20,(anonymous_2)
FN:21,(anonymous_3)
FN:24,(anonymous_4)
FN:51,(anonymous_5)
FN:91,(anonymous_6)
FNF:6
FNH:0
FNDA:0,(anonymous_1)
FNDA:0,(anonymous_2)
FNDA:0,(anonymous_3)
FNDA:0,(anonymous_4)
FNDA:0,(anonymous_5)
FNDA:0,(anonymous_6)
DA:2,0
DA:3,0
DA:4,0
DA:5,0
DA:6,0
DA:7,0
DA:8,0
DA:9,0
DA:10,0
DA:17,0
DA:18,0
DA:19,0
DA:20,0
DA:21,0
DA:22,0
DA:24,0
DA:25,0
DA:26,0
DA:30,0
DA:31,0
DA:32,0
DA:33,0
DA:39,0
DA:52,0
DA:91,0
DA:105,0
LF:26
LH:0
BRDA:25,0,0,0
BRDA:25,0,1,0
BRDA:25,1,0,0
BRDA:25,1,1,0
BRDA:32,2,0,0
BRF:5
BRH:0
end_of_record
TN:
SF:src\components\pageNotFound\PageNotFound.tsx
FN:3,(anonymous_0)
FNF:1
FNH:1
FNDA:2,(anonymous_0)
DA:3,1
DA:4,2
DA:9,1
LF:3
LH:3
BRF:0
BRH:0
end_of_record
TN:
SF:src\components\redux\actions\bookingAction.ts
FN:4,(anonymous_0)
FN:11,(anonymous_1)
FN:18,(anonymous_2)
FN:25,(anonymous_3)
FN:31,(anonymous_4)
FN:36,(anonymous_5)
FN:41,(anonymous_6)
FN:48,(anonymous_7)
FN:53,(anonymous_8)
FNF:9
FNH:0
FNDA:0,(anonymous_0)
FNDA:0,(anonymous_1)
FNDA:0,(anonymous_2)
FNDA:0,(anonymous_3)
FNDA:0,(anonymous_4)
FNDA:0,(anonymous_5)
FNDA:0,(anonymous_6)
FNDA:0,(anonymous_7)
FNDA:0,(anonymous_8)
DA:1,0
DA:4,0
DA:5,0
DA:11,0
DA:12,0
DA:18,0
DA:19,0
DA:25,0
DA:26,0
DA:31,0
DA:36,0
DA:41,0
DA:42,0
DA:48,0
DA:53,0
LF:15
LH:0
BRF:0
BRH:0
end_of_record
TN:
SF:src\components\redux\actions\userAction.ts
FN:5,(anonymous_0)
FN:12,(anonymous_1)
FN:19,(anonymous_2)
FN:27,(anonymous_3)
FN:35,(anonymous_4)
FN:43,(anonymous_5)
FN:51,(anonymous_6)
FNF:7
FNH:0
FNDA:0,(anonymous_0)
FNDA:0,(anonymous_1)
FNDA:0,(anonymous_2)
FNDA:0,(anonymous_3)
FNDA:0,(anonymous_4)
FNDA:0,(anonymous_5)
FNDA:0,(anonymous_6)
DA:1,0
DA:5,0
DA:6,0
DA:12,0
DA:13,0
DA:19,0
DA:20,0
DA:27,0
DA:28,0
DA:35,0
DA:36,0
DA:43,0
DA:44,0
DA:51,0
DA:52,0
LF:15
LH:0
BRF:0
BRH:0
end_of_record
TN:
SF:src\components\redux\reducers\bookingReducer.ts
FN:16,(anonymous_0)
FN:27,(anonymous_1)
FNF:2
FNH:0
FNDA:0,(anonymous_0)
FNDA:0,(anonymous_1)
DA:3,0
DA:6,0
DA:16,0
DA:17,0
DA:19,0
DA:21,0
DA:23,0
DA:25,0
DA:27,0
DA:29,0
DA:31,0
DA:33,0
DA:37,0
LF:13
LH:0
BRDA:16,0,0,0
BRDA:17,1,0,0
BRDA:17,1,1,0
BRDA:17,1,2,0
BRDA:17,1,3,0
BRDA:17,1,4,0
BRDA:17,1,5,0
BRDA:17,1,6,0
BRDA:17,1,7,0
BRF:9
BRH:0
end_of_record
TN:
SF:src\components\redux\reducers\rootReducer.ts
FNF:0
FNH:0
DA:2,0
DA:3,0
DA:4,0
DA:6,0
DA:11,0
LF:5
LH:0
BRF:0
BRH:0
end_of_record
TN:
SF:src\components\redux\reducers\userReducer.ts
FN:19,(anonymous_0)
FNF:1
FNH:0
FNDA:0,(anonymous_0)
DA:1,0
DA:5,0
DA:19,0
DA:20,0
DA:22,0
DA:24,0
DA:26,0
DA:31,0
DA:36,0
DA:41,0
DA:43,0
DA:47,0
LF:12
LH:0
BRDA:19,0,0,0
BRDA:20,1,0,0
BRDA:20,1,1,0
BRDA:20,1,2,0
BRDA:20,1,3,0
BRDA:20,1,4,0
BRDA:20,1,5,0
BRDA:20,1,6,0
BRF:8
BRH:0
end_of_record
TN:
SF:src\components\redux\saga\bookingSaga.ts
FN:8,getBooking
FN:20,getBookingWorkerSaga
FN:34,addBooking
FN:47,addBookingWorkerSaga
FN:59,bookingWatcherSaga
FNF:5
FNH:0
FNDA:0,getBooking
FNDA:0,getBookingWorkerSaga
FNDA:0,addBooking
FNDA:0,addBookingWorkerSaga
FNDA:0,bookingWatcherSaga
DA:1,0
DA:4,0
DA:5,0
DA:8,0
DA:9,0
DA:16,0
DA:17,0
DA:20,0
DA:21,0
DA:22,0
DA:23,0
DA:24,0
DA:26,0
DA:29,0
DA:34,0
DA:35,0
DA:42,0
DA:43,0
DA:47,0
DA:48,0
DA:49,0
DA:50,0
DA:51,0
DA:54,0
DA:59,0
DA:60,0
DA:61,0
LF:27
LH:0
BRDA:23,0,0,0
BRDA:23,0,1,0
BRDA:50,1,0,0
BRF:3
BRH:0
end_of_record
TN:
SF:src\components\redux\saga\rootSaga.ts
FN:5,rootsaga
FNF:1
FNH:0
FNDA:0,rootsaga
DA:1,0
DA:2,0
DA:3,0
DA:6,0
DA:9,0
LF:5
LH:0
BRF:0
BRH:0
end_of_record
TN:
SF:src\components\redux\saga\userSaga.ts
FN:9,putUser
FN:23,validateUser
FN:37,createUserWorkerSaga
FN:48,loginWorkerSaga
FN:62,resetStoreSaga
FN:66,userWatcherSaga
FNF:6
FNH:0
FNDA:0,putUser
FNDA:0,validateUser
FNDA:0,createUserWorkerSaga
FNDA:0,loginWorkerSaga
FNDA:0,resetStoreSaga
FNDA:0,userWatcherSaga
DA:2,0
DA:3,0
DA:5,0
DA:6,0
DA:9,0
DA:10,0
DA:17,0
DA:18,0
DA:20,0
DA:23,0
DA:24,0
DA:31,0
DA:32,0
DA:34,0
DA:38,0
DA:39,0
DA:40,0
DA:41,0
DA:43,0
DA:44,0
DA:49,0
DA:50,0
DA:51,0
DA:52,0
DA:54,0
DA:57,0
DA:58,0
DA:63,0
DA:66,0
DA:67,0
DA:68,0
DA:69,0
LF:32
LH:0
BRDA:17,0,0,0
BRDA:31,1,0,0
BRDA:51,2,0,0
BRDA:51,2,1,0
BRF:4
BRH:0
end_of_record
TN:
SF:src\components\redux\store\store.ts
FNF:0
FNH:0
DA:1,0
DA:2,0
DA:3,0
DA:4,0
DA:6,0
DA:7,0
DA:9,0
DA:11,0
LF:8
LH:0
BRF:0
BRH:0
end_of_record
